2026-06-17 10:07:51,296 [INFO] app.models: Database initialized: /root/.openclaw/workspace/loong-kb/cache/db.sqlite
2026-06-17 10:07:51,375 [INFO] app.services.dify_sync: [Sync] Running startup sync from Dify...
2026-06-17 10:07:51,375 [INFO] app.services.dify_sync: [Sync] Starting Dify sync | url=http://10.40.65.209/v1
2026-06-17 10:07:51,719 [INFO] app.services.dify_sync: [Sync] Dify API responded with HTTP 200
2026-06-17 10:07:51,720 [INFO] app.services.dify_sync: [Sync] Updated KB: 云和ＡＩ (kb_id=34)
2026-06-17 10:07:51,721 [INFO] app.services.dify_sync: [Sync] Updated KB: 方案团队 (kb_id=27)
2026-06-17 10:07:51,722 [INFO] app.services.dify_sync: [Sync] Updated KB: 云和AI-父子分段 (kb_id=29)
2026-06-17 10:07:51,725 [INFO] app.services.dify_sync: [Sync] Done | created=0, deleted=0, errors=0
2026-06-17 10:07:51,725 [INFO] app.services.dify_sync: [Sync] Startup sync complete: 0 new, 0 removed
2026-06-17 10:07:51,748 [INFO] __main__: Loong KB 应用已启动
 * Serving Flask app 'run'
 * Debug mode: on
2026-06-17 10:07:51,775 [INFO] werkzeug: [31m[1mWARNING: This is a development server. Do not use it in a production deployment. Use a production WSGI server instead.[0m
 * Running on all addresses (0.0.0.0)
 * Running on http://127.0.0.1:5001
 * Running on http://10.40.65.201:5001
2026-06-17 10:07:51,775 [INFO] werkzeug: [33mPress CTRL+C to quit[0m
2026-06-17 10:07:51,781 [INFO] werkzeug:  * Restarting with watchdog (inotify)
2026-06-17 10:07:52,060 [INFO] app.models: Database initialized: /root/.openclaw/workspace/loong-kb/cache/db.sqlite
2026-06-17 10:07:52,139 [INFO] app.services.dify_sync: [Sync] Running startup sync from Dify...
2026-06-17 10:07:52,139 [INFO] app.services.dify_sync: [Sync] Starting Dify sync | url=http://10.40.65.209/v1
2026-06-17 10:07:52,459 [INFO] app.services.dify_sync: [Sync] Dify API responded with HTTP 200
2026-06-17 10:07:52,460 [INFO] app.services.dify_sync: [Sync] Updated KB: 云和ＡＩ (kb_id=34)
2026-06-17 10:07:52,461 [INFO] app.services.dify_sync: [Sync] Updated KB: 方案团队 (kb_id=27)
2026-06-17 10:07:52,461 [INFO] app.services.dify_sync: [Sync] Updated KB: 云和AI-父子分段 (kb_id=29)
2026-06-17 10:07:52,464 [INFO] app.services.dify_sync: [Sync] Done | created=0, deleted=0, errors=0
2026-06-17 10:07:52,464 [INFO] app.services.dify_sync: [Sync] Startup sync complete: 0 new, 0 removed
2026-06-17 10:07:52,488 [INFO] __main__: Loong KB 应用已启动
2026-06-17 10:07:52,506 [WARNING] werkzeug:  * Debugger is active!
2026-06-17 10:07:52,506 [INFO] werkzeug:  * Debugger PIN: 538-336-776
2026-06-17 10:08:01,823 [INFO] werkzeug: 10.10.132.94 - - [17/Jun/2026 10:08:01] "[32mGET / HTTP/1.1[0m" 302 -
2026-06-17 10:08:01,854 [INFO] werkzeug: 10.10.132.94 - - [17/Jun/2026 10:08:01] "GET /login HTTP/1.1" 200 -
2026-06-17 10:08:02,697 [INFO] werkzeug: 10.10.132.94 - - [17/Jun/2026 10:08:02] "[33mGET /favicon.ico HTTP/1.1[0m" 404 -
2026-06-17 10:08:06,047 [INFO] app.routes.auth: User logged in: admin
2026-06-17 10:08:06,049 [INFO] werkzeug: 10.10.132.94 - - [17/Jun/2026 10:08:06] "[32mPOST /login HTTP/1.1[0m" 302 -
2026-06-17 10:08:06,086 [INFO] werkzeug: 10.10.132.94 - - [17/Jun/2026 10:08:06] "GET /qa HTTP/1.1" 200 -
2026-06-17 10:08:13,498 [INFO] werkzeug: 10.10.132.94 - - [17/Jun/2026 10:08:13] "GET /admin/users HTTP/1.1" 200 -
2026-06-17 10:08:14,147 [INFO] werkzeug: 10.10.132.94 - - [17/Jun/2026 10:08:14] "GET /admin/roles HTTP/1.1" 200 -
2026-06-17 10:08:14,794 [INFO] werkzeug: 10.10.132.94 - - [17/Jun/2026 10:08:14] "GET /admin/kbs HTTP/1.1" 200 -
2026-06-17 10:08:15,917 [INFO] werkzeug: 10.10.132.94 - - [17/Jun/2026 10:08:15] "GET /admin/roles HTTP/1.1" 200 -
2026-06-17 10:08:16,577 [INFO] werkzeug: 10.10.132.94 - - [17/Jun/2026 10:08:16] "GET /admin/users HTTP/1.1" 200 -
2026-06-17 10:33:31,020 [INFO] werkzeug:  * Detected change in '/root/.openclaw/workspace/loong-kb/app/.hermes-tmp.fzIBv2', reloading
2026-06-17 10:33:31,175 [INFO] werkzeug:  * Restarting with watchdog (inotify)
2026-06-17 10:33:31,461 [INFO] app.models: Database initialized: /root/.openclaw/workspace/loong-kb/cache/db.sqlite
2026-06-17 10:33:31,540 [INFO] app.services.dify_sync: [Sync] Running startup sync from Dify...
2026-06-17 10:33:31,540 [INFO] app.services.dify_sync: [Sync] Starting Dify sync | url=http://10.40.65.209/v1
2026-06-17 10:33:32,109 [INFO] app.services.dify_sync: [Sync] Dify API responded with HTTP 200
2026-06-17 10:33:32,110 [INFO] app.services.dify_sync: [Sync] Updated KB: 云和ＡＩ (kb_id=34)
2026-06-17 10:33:32,111 [INFO] app.services.dify_sync: [Sync] Updated KB: 方案团队 (kb_id=27)
2026-06-17 10:33:32,112 [INFO] app.services.dify_sync: [Sync] Updated KB: 云和AI-父子分段 (kb_id=29)
2026-06-17 10:33:32,116 [INFO] app.services.dify_sync: [Sync] Done | created=0, deleted=0, errors=0
2026-06-17 10:33:32,116 [INFO] app.services.dify_sync: [Sync] Startup sync complete: 0 new, 0 removed
2026-06-17 10:33:32,140 [INFO] __main__: Loong KB 应用已启动
2026-06-17 10:33:32,158 [WARNING] werkzeug:  * Debugger is active!
2026-06-17 10:33:32,159 [INFO] werkzeug:  * Debugger PIN: 538-336-776
2026-06-17 10:33:46,876 [INFO] werkzeug:  * Detected change in '/root/.openclaw/workspace/loong-kb/app/services/.hermes-tmp.mKHIaK', reloading
2026-06-17 10:33:46,976 [INFO] werkzeug:  * Restarting with watchdog (inotify)
2026-06-17 10:33:47,258 [INFO] app.models: Database initialized: /root/.openclaw/workspace/loong-kb/cache/db.sqlite
2026-06-17 10:33:47,337 [INFO] app.services.dify_sync: [Sync] Running startup sync from Dify...
2026-06-17 10:33:47,337 [INFO] app.services.dify_sync: [Sync] Starting Dify sync | url=http://10.40.65.209/v1
2026-06-17 10:33:47,657 [INFO] app.services.dify_sync: [Sync] Dify API responded with HTTP 200
2026-06-17 10:33:47,658 [INFO] app.services.dify_sync: [Sync] Updated KB: 云和ＡＩ (kb_id=34)
2026-06-17 10:33:47,659 [INFO] app.services.dify_sync: [Sync] Updated KB: 方案团队 (kb_id=27)
2026-06-17 10:33:47,659 [INFO] app.services.dify_sync: [Sync] Updated KB: 云和AI-父子分段 (kb_id=29)
2026-06-17 10:33:47,663 [INFO] app.services.dify_sync: [Sync] Done | created=0, deleted=0, errors=0
2026-06-17 10:33:47,664 [INFO] app.services.dify_sync: [Sync] Startup sync complete: 0 new, 0 removed
2026-06-17 10:33:47,687 [INFO] __main__: Loong KB 应用已启动
2026-06-17 10:33:47,705 [WARNING] werkzeug:  * Debugger is active!
2026-06-17 10:33:47,706 [INFO] werkzeug:  * Debugger PIN: 538-336-776
2026-06-17 10:34:17,137 [INFO] werkzeug:  * Detected change in '/root/.openclaw/workspace/loong-kb/app/services/.hermes-tmp.zRTgYb', reloading
2026-06-17 10:34:17,239 [INFO] werkzeug:  * Restarting with watchdog (inotify)
2026-06-17 10:34:17,522 [INFO] app.models: Database initialized: /root/.openclaw/workspace/loong-kb/cache/db.sqlite
2026-06-17 10:34:17,601 [INFO] app.services.dify_sync: [Sync] Running startup sync from Dify...
2026-06-17 10:34:17,601 [INFO] app.services.dify_sync: [Sync] Starting Dify sync | url=http://10.40.65.209/v1
2026-06-17 10:34:17,914 [INFO] app.services.dify_sync: [Sync] Dify API responded with HTTP 200
2026-06-17 10:34:17,915 [INFO] app.services.dify_sync: [Sync] Updated KB: 云和ＡＩ (kb_id=34)
2026-06-17 10:34:17,916 [INFO] app.services.dify_sync: [Sync] Updated KB: 方案团队 (kb_id=27)
2026-06-17 10:34:17,917 [INFO] app.services.dify_sync: [Sync] Updated KB: 云和AI-父子分段 (kb_id=29)
2026-06-17 10:34:17,921 [INFO] app.services.dify_sync: [Sync] Done | created=0, deleted=0, errors=0
2026-06-17 10:34:17,921 [INFO] app.services.dify_sync: [Sync] Startup sync complete: 0 new, 0 removed
2026-06-17 10:34:17,944 [INFO] __main__: Loong KB 应用已启动
2026-06-17 10:34:17,962 [WARNING] werkzeug:  * Debugger is active!
2026-06-17 10:34:17,963 [INFO] werkzeug:  * Debugger PIN: 538-336-776
2026-06-17 10:34:31,571 [INFO] werkzeug:  * Detected change in '/root/.openclaw/workspace/loong-kb/app/.hermes-tmp.ewz4Sx', reloading
2026-06-17 10:34:31,677 [INFO] werkzeug:  * Restarting with watchdog (inotify)
2026-06-17 10:34:31,963 [INFO] app.models: Database initialized: /root/.openclaw/workspace/loong-kb/cache/db.sqlite
2026-06-17 10:34:32,042 [INFO] app.services.dify_sync: [Sync] Running startup sync from Dify...
2026-06-17 10:34:32,043 [INFO] app.services.dify_sync: [Sync] Starting Dify sync | url=http://10.40.65.209/v1
2026-06-17 10:34:33,205 [INFO] app.services.dify_sync: [Sync] Dify API responded with HTTP 200
2026-06-17 10:34:33,206 [INFO] app.services.dify_sync: [Sync] Updated KB: 云和ＡＩ (kb_id=34)
2026-06-17 10:34:33,207 [INFO] app.services.dify_sync: [Sync] Updated KB: 方案团队 (kb_id=27)
2026-06-17 10:34:33,208 [INFO] app.services.dify_sync: [Sync] Updated KB: 云和AI-父子分段 (kb_id=29)
2026-06-17 10:34:33,212 [INFO] app.services.dify_sync: [Sync] Done | created=0, deleted=0, errors=0
2026-06-17 10:34:33,213 [INFO] app.services.dify_sync: [Sync] Startup sync complete: 0 new, 0 removed
2026-06-17 10:34:33,236 [INFO] __main__: Loong KB 应用已启动
2026-06-17 10:34:33,255 [WARNING] werkzeug:  * Debugger is active!
2026-06-17 10:34:33,255 [INFO] werkzeug:  * Debugger PIN: 538-336-776
2026-06-17 10:34:42,780 [INFO] werkzeug:  * Detected change in '/root/.openclaw/workspace/loong-kb/app/.hermes-tmp.nxOC0Q', reloading
2026-06-17 10:34:42,873 [INFO] werkzeug:  * Restarting with watchdog (inotify)
2026-06-17 10:34:43,159 [INFO] app.models: Database initialized: /root/.openclaw/workspace/loong-kb/cache/db.sqlite
2026-06-17 10:34:43,238 [INFO] app.services.dify_sync: [Sync] Running startup sync from Dify...
2026-06-17 10:34:43,238 [INFO] app.services.dify_sync: [Sync] Starting Dify sync | url=http://10.40.65.209/v1
2026-06-17 10:34:43,576 [INFO] app.services.dify_sync: [Sync] Dify API responded with HTTP 200
2026-06-17 10:34:43,577 [INFO] app.services.dify_sync: [Sync] Updated KB: 云和ＡＩ (kb_id=34)
2026-06-17 10:34:43,578 [INFO] app.services.dify_sync: [Sync] Updated KB: 方案团队 (kb_id=27)
2026-06-17 10:34:43,578 [INFO] app.services.dify_sync: [Sync] Updated KB: 云和AI-父子分段 (kb_id=29)
2026-06-17 10:34:43,582 [INFO] app.services.dify_sync: [Sync] Done | created=0, deleted=0, errors=0
2026-06-17 10:34:43,582 [INFO] app.services.dify_sync: [Sync] Startup sync complete: 0 new, 0 removed
2026-06-17 10:34:43,605 [INFO] __main__: Loong KB 应用已启动
2026-06-17 10:34:43,624 [WARNING] werkzeug:  * Debugger is active!
2026-06-17 10:34:43,624 [INFO] werkzeug:  * Debugger PIN: 538-336-776
2026-06-17 10:35:00,004 [INFO] werkzeug:  * Detected change in '/root/.openclaw/workspace/loong-kb/app/.hermes-tmp.vuyent', reloading
2026-06-17 10:35:00,104 [INFO] werkzeug:  * Restarting with watchdog (inotify)
2026-06-17 10:35:00,390 [INFO] app.models: Database initialized: /root/.openclaw/workspace/loong-kb/cache/db.sqlite
2026-06-17 10:35:00,469 [INFO] app.services.dify_sync: [Sync] Running startup sync from Dify...
2026-06-17 10:35:00,469 [INFO] app.services.dify_sync: [Sync] Starting Dify sync | url=http://10.40.65.209/v1
2026-06-17 10:35:00,800 [INFO] app.services.dify_sync: [Sync] Dify API responded with HTTP 200
2026-06-17 10:35:00,801 [INFO] app.services.dify_sync: [Sync] Updated KB: 云和ＡＩ (kb_id=34)
2026-06-17 10:35:00,802 [INFO] app.services.dify_sync: [Sync] Updated KB: 方案团队 (kb_id=27)
2026-06-17 10:35:00,803 [INFO] app.services.dify_sync: [Sync] Updated KB: 云和AI-父子分段 (kb_id=29)
2026-06-17 10:35:00,807 [INFO] app.services.dify_sync: [Sync] Done | created=0, deleted=0, errors=0
2026-06-17 10:35:00,807 [INFO] app.services.dify_sync: [Sync] Startup sync complete: 0 new, 0 removed
2026-06-17 10:35:00,830 [INFO] __main__: Loong KB 应用已启动
2026-06-17 10:35:00,848 [WARNING] werkzeug:  * Debugger is active!
2026-06-17 10:35:00,849 [INFO] werkzeug:  * Debugger PIN: 538-336-776
2026-06-17 10:35:22,099 [INFO] werkzeug:  * Detected change in '/root/.openclaw/workspace/loong-kb/app/.hermes-tmp.lSFwzF', reloading
2026-06-17 10:35:22,198 [INFO] werkzeug:  * Restarting with watchdog (inotify)
2026-06-17 10:35:22,485 [INFO] app.models: Database initialized: /root/.openclaw/workspace/loong-kb/cache/db.sqlite
2026-06-17 10:35:22,564 [INFO] app.services.dify_sync: [Sync] Running startup sync from Dify...
2026-06-17 10:35:22,564 [INFO] app.services.dify_sync: [Sync] Starting Dify sync | url=http://10.40.65.209/v1
2026-06-17 10:35:22,887 [INFO] app.services.dify_sync: [Sync] Dify API responded with HTTP 200
2026-06-17 10:35:22,888 [INFO] app.services.dify_sync: [Sync] Updated KB: 云和ＡＩ (kb_id=34)
2026-06-17 10:35:22,889 [INFO] app.services.dify_sync: [Sync] Updated KB: 方案团队 (kb_id=27)
2026-06-17 10:35:22,890 [INFO] app.services.dify_sync: [Sync] Updated KB: 云和AI-父子分段 (kb_id=29)
2026-06-17 10:35:22,894 [INFO] app.services.dify_sync: [Sync] Done | created=0, deleted=0, errors=0
2026-06-17 10:35:22,894 [INFO] app.services.dify_sync: [Sync] Startup sync complete: 0 new, 0 removed
2026-06-17 10:35:22,918 [INFO] __main__: Loong KB 应用已启动
2026-06-17 10:35:22,936 [WARNING] werkzeug:  * Debugger is active!
2026-06-17 10:35:22,937 [INFO] werkzeug:  * Debugger PIN: 538-336-776
2026-06-17 10:36:00,202 [INFO] werkzeug:  * Detected change in '/root/.openclaw/workspace/loong-kb/app/routes/.hermes-tmp.s5Ptj1', reloading
2026-06-17 10:36:00,306 [INFO] werkzeug:  * Restarting with watchdog (inotify)
2026-06-17 10:36:00,589 [INFO] app.models: Database initialized: /root/.openclaw/workspace/loong-kb/cache/db.sqlite
2026-06-17 10:36:00,668 [INFO] app.services.dify_sync: [Sync] Running startup sync from Dify...
2026-06-17 10:36:00,669 [INFO] app.services.dify_sync: [Sync] Starting Dify sync | url=http://10.40.65.209/v1
2026-06-17 10:36:00,998 [INFO] app.services.dify_sync: [Sync] Dify API responded with HTTP 200
2026-06-17 10:36:00,999 [INFO] app.services.dify_sync: [Sync] Updated KB: 云和ＡＩ (kb_id=34)
2026-06-17 10:36:01,000 [INFO] app.services.dify_sync: [Sync] Updated KB: 方案团队 (kb_id=27)
2026-06-17 10:36:01,001 [INFO] app.services.dify_sync: [Sync] Updated KB: 云和AI-父子分段 (kb_id=29)
2026-06-17 10:36:01,005 [INFO] app.services.dify_sync: [Sync] Done | created=0, deleted=0, errors=0
2026-06-17 10:36:01,006 [INFO] app.services.dify_sync: [Sync] Startup sync complete: 0 new, 0 removed
2026-06-17 10:36:01,039 [INFO] __main__: Loong KB 应用已启动
2026-06-17 10:36:01,057 [WARNING] werkzeug:  * Debugger is active!
2026-06-17 10:36:01,058 [INFO] werkzeug:  * Debugger PIN: 538-336-776
2026-06-17 10:36:30,327 [INFO] werkzeug:  * Detected change in '/root/.openclaw/workspace/loong-kb/app/routes/.hermes-tmp.WE6bHl', reloading
2026-06-17 10:36:30,428 [INFO] werkzeug:  * Restarting with watchdog (inotify)
2026-06-17 10:36:30,710 [INFO] app.models: Database initialized: /root/.openclaw/workspace/loong-kb/cache/db.sqlite
2026-06-17 10:36:30,789 [INFO] app.services.dify_sync: [Sync] Running startup sync from Dify...
2026-06-17 10:36:30,790 [INFO] app.services.dify_sync: [Sync] Starting Dify sync | url=http://10.40.65.209/v1
2026-06-17 10:36:31,111 [INFO] app.services.dify_sync: [Sync] Dify API responded with HTTP 200
2026-06-17 10:36:31,112 [INFO] app.services.dify_sync: [Sync] Updated KB: 云和ＡＩ (kb_id=34)
2026-06-17 10:36:31,113 [INFO] app.services.dify_sync: [Sync] Updated KB: 方案团队 (kb_id=27)
2026-06-17 10:36:31,114 [INFO] app.services.dify_sync: [Sync] Updated KB: 云和AI-父子分段 (kb_id=29)
2026-06-17 10:36:31,118 [INFO] app.services.dify_sync: [Sync] Done | created=0, deleted=0, errors=0
2026-06-17 10:36:31,118 [INFO] app.services.dify_sync: [Sync] Startup sync complete: 0 new, 0 removed
2026-06-17 10:36:31,158 [INFO] __main__: Loong KB 应用已启动
2026-06-17 10:36:31,176 [WARNING] werkzeug:  * Debugger is active!
2026-06-17 10:36:31,177 [INFO] werkzeug:  * Debugger PIN: 538-336-776
2026-06-17 10:36:48,882 [INFO] werkzeug:  * Detected change in '/root/.openclaw/workspace/loong-kb/app/routes/.hermes-tmp.NHAqw9', reloading
2026-06-17 10:36:48,980 [INFO] werkzeug:  * Restarting with watchdog (inotify)
2026-06-17 10:36:49,264 [INFO] app.models: Database initialized: /root/.openclaw/workspace/loong-kb/cache/db.sqlite
2026-06-17 10:36:49,343 [INFO] app.services.dify_sync: [Sync] Running startup sync from Dify...
2026-06-17 10:36:49,343 [INFO] app.services.dify_sync: [Sync] Starting Dify sync | url=http://10.40.65.209/v1
2026-06-17 10:36:50,494 [INFO] app.services.dify_sync: [Sync] Dify API responded with HTTP 200
2026-06-17 10:36:50,495 [INFO] app.services.dify_sync: [Sync] Updated KB: 云和ＡＩ (kb_id=34)
2026-06-17 10:36:50,496 [INFO] app.services.dify_sync: [Sync] Updated KB: 方案团队 (kb_id=27)
2026-06-17 10:36:50,497 [INFO] app.services.dify_sync: [Sync] Updated KB: 云和AI-父子分段 (kb_id=29)
2026-06-17 10:36:50,500 [INFO] app.services.dify_sync: [Sync] Done | created=0, deleted=0, errors=0
2026-06-17 10:36:50,500 [INFO] app.services.dify_sync: [Sync] Startup sync complete: 0 new, 0 removed
2026-06-17 10:36:50,540 [INFO] __main__: Loong KB 应用已启动
2026-06-17 10:36:50,559 [WARNING] werkzeug:  * Debugger is active!
2026-06-17 10:36:50,559 [INFO] werkzeug:  * Debugger PIN: 538-336-776
2026-06-17 10:37:14,033 [INFO] werkzeug:  * Detected change in '/root/.openclaw/workspace/loong-kb/app/routes/.hermes-tmp.ZFEpGB', reloading
2026-06-17 10:37:14,132 [INFO] werkzeug:  * Restarting with watchdog (inotify)
2026-06-17 10:37:14,412 [INFO] app.models: Database initialized: /root/.openclaw/workspace/loong-kb/cache/db.sqlite
2026-06-17 10:37:14,491 [INFO] app.services.dify_sync: [Sync] Running startup sync from Dify...
2026-06-17 10:37:14,491 [INFO] app.services.dify_sync: [Sync] Starting Dify sync | url=http://10.40.65.209/v1
2026-06-17 10:37:14,812 [INFO] app.services.dify_sync: [Sync] Dify API responded with HTTP 200
2026-06-17 10:37:14,813 [INFO] app.services.dify_sync: [Sync] Updated KB: 云和ＡＩ (kb_id=34)
2026-06-17 10:37:14,814 [INFO] app.services.dify_sync: [Sync] Updated KB: 方案团队 (kb_id=27)
2026-06-17 10:37:14,815 [INFO] app.services.dify_sync: [Sync] Updated KB: 云和AI-父子分段 (kb_id=29)
2026-06-17 10:37:14,818 [INFO] app.services.dify_sync: [Sync] Done | created=0, deleted=0, errors=0
2026-06-17 10:37:14,819 [INFO] app.services.dify_sync: [Sync] Startup sync complete: 0 new, 0 removed
2026-06-17 10:37:14,852 [INFO] __main__: Loong KB 应用已启动
2026-06-17 10:37:14,870 [WARNING] werkzeug:  * Debugger is active!
2026-06-17 10:37:14,870 [INFO] werkzeug:  * Debugger PIN: 538-336-776
2026-06-17 10:38:39,988 [INFO] werkzeug: 127.0.0.1 - - [17/Jun/2026 10:38:39] "[33mPOST /auth/login HTTP/1.1[0m" 404 -
2026-06-17 10:38:39,992 [INFO] werkzeug: 127.0.0.1 - - [17/Jun/2026 10:38:39] "[31m[1mPOST /admin/kbs/from-template HTTP/1.1[0m" 403 -
2026-06-17 10:38:39,996 [INFO] werkzeug: 127.0.0.1 - - [17/Jun/2026 10:38:39] "[32mGET /admin/kbs HTTP/1.1[0m" 302 -
2026-06-17 10:38:40,022 [INFO] werkzeug: 127.0.0.1 - - [17/Jun/2026 10:38:40] "GET /login HTTP/1.1" 200 -
2026-06-17 10:38:56,244 [INFO] app.routes.auth: User logged in: admin
2026-06-17 10:38:56,247 [INFO] werkzeug: 127.0.0.1 - - [17/Jun/2026 10:38:56] "[32mPOST /login HTTP/1.1[0m" 302 -
2026-06-17 10:38:56,274 [INFO] werkzeug: 127.0.0.1 - - [17/Jun/2026 10:38:56] "GET /qa HTTP/1.1" 200 -
2026-06-17 10:38:56,300 [INFO] werkzeug: 127.0.0.1 - - [17/Jun/2026 10:38:56] "[35m[1mPOST /admin/kbs/from-template HTTP/1.1[0m" 500 -
Traceback (most recent call last):
  File "/usr/local/lib/python3.11/site-packages/flask/app.py", line 2213, in __call__
    return self.wsgi_app(environ, start_response)
           ^^^^^^^^^^^^^^^^^^^^^^^^^^^^^^^^^^^^^^
  File "/usr/local/lib/python3.11/site-packages/flask/app.py", line 2193, in wsgi_app
    response = self.handle_exception(e)
               ^^^^^^^^^^^^^^^^^^^^^^^^
  File "/usr/local/lib/python3.11/site-packages/flask/app.py", line 2190, in wsgi_app
    response = self.full_dispatch_request()
               ^^^^^^^^^^^^^^^^^^^^^^^^^^^^
  File "/usr/local/lib/python3.11/site-packages/flask/app.py", line 1486, in full_dispatch_request
    rv = self.handle_user_exception(e)
         ^^^^^^^^^^^^^^^^^^^^^^^^^^^^^
  File "/usr/local/lib/python3.11/site-packages/flask/app.py", line 1484, in full_dispatch_request
    rv = self.dispatch_request()
         ^^^^^^^^^^^^^^^^^^^^^^^
  File "/usr/local/lib/python3.11/site-packages/flask/app.py", line 1469, in dispatch_request
    return self.ensure_sync(self.view_functions[rule.endpoint])(**view_args)
           ^^^^^^^^^^^^^^^^^^^^^^^^^^^^^^^^^^^^^^^^^^^^^^^^^^^^^^^^^^^^^^^^^
  File "/root/.openclaw/workspace/loong-kb/app/routes/admin.py", line 25, in decorated
    return f(*args, **kwargs)
           ^^^^^^^^^^^^^^^^^^
  File "/root/.openclaw/workspace/loong-kb/app/routes/admin.py", line 541, in create_kb_from_template
    kb_id = create_local_qa_kb(kb_name, description)
            ^^^^^^^^^^^^^^^^^^^^^^^^^^^^^^^^^^^^^^^^
  File "/root/.openclaw/workspace/loong-kb/app/models.py", line 376, in create_local_qa_kb
    c.execute('''
sqlite3.IntegrityError: NOT NULL constraint failed: kb_configs.dify_api_url
2026-06-17 10:38:56,339 [INFO] werkzeug: 127.0.0.1 - - [17/Jun/2026 10:38:56] "GET /admin/kbs HTTP/1.1" 200 -
2026-06-17 10:38:56,349 [INFO] werkzeug: 127.0.0.1 - - [17/Jun/2026 10:38:56] "[31m[1mPOST /admin/kbs/1/qa/add HTTP/1.1[0m" 400 -
2026-06-17 10:38:56,358 [INFO] werkzeug: 127.0.0.1 - - [17/Jun/2026 10:38:56] "[33mGET /admin/kbs/1/qa/items HTTP/1.1[0m" 404 -
2026-06-17 10:38:56,367 [INFO] werkzeug: 127.0.0.1 - - [17/Jun/2026 10:38:56] "[31m[1mGET /admin/kbs/1/qa/count HTTP/1.1[0m" 400 -
2026-06-17 10:39:12,982 [INFO] werkzeug:  * Detected change in '/root/.openclaw/workspace/loong-kb/app/.hermes-tmp.LY3cmu', reloading
2026-06-17 10:39:13,088 [INFO] werkzeug:  * Restarting with watchdog (inotify)
2026-06-17 10:39:13,375 [INFO] app.models: Database initialized: /root/.openclaw/workspace/loong-kb/cache/db.sqlite
2026-06-17 10:39:13,454 [INFO] app.services.dify_sync: [Sync] Running startup sync from Dify...
2026-06-17 10:39:13,454 [INFO] app.services.dify_sync: [Sync] Starting Dify sync | url=http://10.40.65.209/v1
2026-06-17 10:39:13,777 [INFO] app.services.dify_sync: [Sync] Dify API responded with HTTP 200
2026-06-17 10:39:13,778 [INFO] app.services.dify_sync: [Sync] Updated KB: 云和ＡＩ (kb_id=34)
2026-06-17 10:39:13,779 [INFO] app.services.dify_sync: [Sync] Updated KB: 方案团队 (kb_id=27)
2026-06-17 10:39:13,780 [INFO] app.services.dify_sync: [Sync] Updated KB: 云和AI-父子分段 (kb_id=29)
2026-06-17 10:39:13,784 [INFO] app.services.dify_sync: [Sync] Done | created=0, deleted=0, errors=0
2026-06-17 10:39:13,784 [INFO] app.services.dify_sync: [Sync] Startup sync complete: 0 new, 0 removed
2026-06-17 10:39:13,812 [INFO] __main__: Loong KB 应用已启动
2026-06-17 10:39:13,830 [WARNING] werkzeug:  * Debugger is active!
2026-06-17 10:39:13,831 [INFO] werkzeug:  * Debugger PIN: 538-336-776
2026-06-17 10:39:32,989 [INFO] app.routes.auth: User logged in: admin
2026-06-17 10:39:32,993 [INFO] werkzeug: 127.0.0.1 - - [17/Jun/2026 10:39:32] "[32mPOST /login HTTP/1.1[0m" 302 -
2026-06-17 10:39:33,037 [INFO] werkzeug: 127.0.0.1 - - [17/Jun/2026 10:39:33] "GET /qa HTTP/1.1" 200 -
2026-06-17 10:39:33,062 [INFO] werkzeug: 127.0.0.1 - - [17/Jun/2026 10:39:33] "[35m[1mPOST /admin/kbs/from-template HTTP/1.1[0m" 500 -
Traceback (most recent call last):
  File "/usr/local/lib/python3.11/site-packages/flask/app.py", line 2213, in __call__
    return self.wsgi_app(environ, start_response)
           ^^^^^^^^^^^^^^^^^^^^^^^^^^^^^^^^^^^^^^
  File "/usr/local/lib/python3.11/site-packages/flask/app.py", line 2193, in wsgi_app
    response = self.handle_exception(e)
               ^^^^^^^^^^^^^^^^^^^^^^^^
  File "/usr/local/lib/python3.11/site-packages/flask/app.py", line 2190, in wsgi_app
    response = self.full_dispatch_request()
               ^^^^^^^^^^^^^^^^^^^^^^^^^^^^
  File "/usr/local/lib/python3.11/site-packages/flask/app.py", line 1486, in full_dispatch_request
    rv = self.handle_user_exception(e)
         ^^^^^^^^^^^^^^^^^^^^^^^^^^^^^
  File "/usr/local/lib/python3.11/site-packages/flask/app.py", line 1484, in full_dispatch_request
    rv = self.dispatch_request()
         ^^^^^^^^^^^^^^^^^^^^^^^
  File "/usr/local/lib/python3.11/site-packages/flask/app.py", line 1469, in dispatch_request
    return self.ensure_sync(self.view_functions[rule.endpoint])(**view_args)
           ^^^^^^^^^^^^^^^^^^^^^^^^^^^^^^^^^^^^^^^^^^^^^^^^^^^^^^^^^^^^^^^^^
  File "/root/.openclaw/workspace/loong-kb/app/routes/admin.py", line 25, in decorated
    return f(*args, **kwargs)
           ^^^^^^^^^^^^^^^^^^
  File "/root/.openclaw/workspace/loong-kb/app/routes/admin.py", line 541, in create_kb_from_template
    kb_id = create_local_qa_kb(kb_name, description)
            ^^^^^^^^^^^^^^^^^^^^^^^^^^^^^^^^^^^^^^^^
  File "/root/.openclaw/workspace/loong-kb/app/models.py", line 382, in create_local_qa_kb
    c.execute('''
sqlite3.IntegrityError: NOT NULL constraint failed: kb_configs.dify_api_url
2026-06-17 10:39:33,100 [INFO] werkzeug: 127.0.0.1 - - [17/Jun/2026 10:39:33] "GET /admin/kbs HTTP/1.1" 200 -
2026-06-17 10:39:33,111 [INFO] werkzeug: 127.0.0.1 - - [17/Jun/2026 10:39:33] "[31m[1mPOST /admin/kbs/36/qa/add HTTP/1.1[0m" 400 -
2026-06-17 10:39:33,120 [INFO] werkzeug: 127.0.0.1 - - [17/Jun/2026 10:39:33] "[33mGET /admin/kbs/36/qa/items HTTP/1.1[0m" 404 -
2026-06-17 10:39:33,128 [INFO] werkzeug: 127.0.0.1 - - [17/Jun/2026 10:39:33] "[31m[1mGET /admin/kbs/36/qa/count HTTP/1.1[0m" 400 -
